This is pdfTeX, Version 3.14159265-2.6-1.40.21 (MiKTeX 20.10) (preloaded format=pdflatex 2020.10.21)  16 JAN 2021 16:07
entering extended mode
**./Thesis.tex
(Thesis.tex
LaTeX2e <2020-10-01> patch level 1
L3 programming layer <2020-10-05> xparse <2020-03-03> (source/formal/Header.tex

(C:\Users\didid\AppData\Local\Programs\MiKTeX\tex/latex/koma-script\scrreprt.cl
s
Document Class: scrreprt 2020/09/21 v3.32 KOMA-Script document class (report)

(C:\Users\didid\AppData\Local\Programs\MiKTeX\tex/latex/koma-script\scrkbase.st
y
Package: scrkbase 2020/09/21 v3.32 KOMA-Script package (KOMA-Script-dependent b
asics and keyval usage)

(C:\Users\didid\AppData\Local\Programs\MiKTeX\tex/latex/koma-script\scrbase.sty
Package: scrbase 2020/09/21 v3.32 KOMA-Script package (KOMA-Script-independent 
basics and keyval usage)

(C:\Users\didid\AppData\Local\Programs\MiKTeX\tex/latex/koma-script\scrlfile.st
y
Package: scrlfile 2020/09/21 v3.32 KOMA-Script package (file load hooks)

(C:\Users\didid\AppData\Local\Programs\MiKTeX\tex/latex/koma-script\scrlfile-ho
ok.sty
Package: scrlfile-hook 2020/09/21 v3.32 KOMA-Script package (using LaTeX hooks)


LaTeX3 Info: Defining command \BeforeFile with sig. 'm' on line 61.


LaTeX3 Info: Defining command \AfterFile with sig. 'm' on line 65.


LaTeX3 Info: Defining command \BeforeClass with sig. 'm' on line 69.


LaTeX3 Info: Defining command \BeforePackage with sig. 'm' on line 73.


LaTeX3 Info: Defining command \AfterAtEndOfClass with sig. 'smo+m' on line 83.


LaTeX3 Info: Defining command \AfterAtEndOfPackage with sig. 'smo+m' on line
(LaTeX3)     93.


LaTeX3 Info: Defining command \scrlfile@AfterClass with sig. 'smo+m' on line
(LaTeX3)     173.


LaTeX3 Info: Defining command \AfterClass with sig. '' on line 174.


LaTeX3 Info: Defining command \scrlfile@AfterPackage with sig. 'smo+m' on line
(LaTeX3)     191.


LaTeX3 Info: Defining command \AfterPackage with sig. '' on line 192.


LaTeX3 Info: Defining command \ReplaceInput with sig. '' on line 193.


LaTeX3 Info: Defining command \ReplaceClass with sig. 'mm' on line 196.


LaTeX3 Info: Defining command \ReplacePackage with sig. 'mm' on line 199.


LaTeX3 Info: Defining command \UnReplaceInput with sig. '' on line 200.


LaTeX3 Info: Defining command \UnReplaceClass with sig. 'm' on line 203.


LaTeX3 Info: Defining command \UnReplacePackage with sig. 'mm' on line 206.


LaTeX3 Info: Defining command \PreventPackageFromLoading with sig. 's+om' on
(LaTeX3)     line 234.


LaTeX3 Info: Defining command \StorePreventPackageFromLoading with sig. 'm' on
(LaTeX3)     line 242.


LaTeX3 Info: Defining command \ResetPreventPackageFromLoading with sig. '' on
(LaTeX3)     line 247.


LaTeX3 Info: Defining command \UnPreventPackageFromLoading with sig. 'sm' on
(LaTeX3)     line 261.


LaTeX3 Info: Defining command \BeforeClosingMainAux with sig. 'om' on line
(LaTeX3)     274.


LaTeX3 Info: Defining command \AfterReadingMainAux with sig. 'om' on line 287.


LaTeX3 Info: Defining command \protected@immediate@write with sig. 'm+m+m' on
(LaTeX3)     line 298.


(C:\Users\didid\AppData\Local\Programs\MiKTeX\tex/latex/koma-script\scrlogo.sty
Package: scrlogo 2020/09/21 v3.32 KOMA-Script package (logo)
))) (C:\Users\didid\AppData\Local\Programs\MiKTeX\tex/latex/graphics\keyval.sty
Package: keyval 2014/10/28 v1.15 key=value parser (DPC)
\KV@toks@=\toks15
)))
(C:\Users\didid\AppData\Local\Programs\MiKTeX\tex/latex/koma-script\tocbasic.st
y
Package: tocbasic 2020/09/21 v3.32 KOMA-Script package (handling toc-files)
\scr@dte@tocline@numberwidth=\skip47
\scr@dte@tocline@numbox=\box47
)
Package tocbasic Info: babel extension for `toc' omitted
(tocbasic)             because of missing \bbl@set@language on input line 137.
Package scrreprt Info: You've used standard option `12pt'.
(scrreprt)             This is correct!
(scrreprt)             Internally I'm using `fontsize=12pt'.
(scrreprt)             If you'd like to set the option with \KOMAoptions,
(scrreprt)             you'd have to use `fontsize=12pt' there
(scrreprt)             instead of `12pt', too.
Class scrreprt Info: File `scrsize12pt.clo' used to setup font sizes on input l
ine 2434.

(C:\Users\didid\AppData\Local\Programs\MiKTeX\tex/latex/koma-script\scrsize12pt
.clo
File: scrsize12pt.clo 2020/09/21 v3.32 KOMA-Script font size class option (12pt
)
)
(C:\Users\didid\AppData\Local\Programs\MiKTeX\tex/latex/koma-script\typearea.st
y
Package: typearea 2020/09/21 v3.32 KOMA-Script package (type area)
\ta@bcor=\skip48
\ta@div=\count175
Package typearea Info: You've used standard option `a4paper'.
(typearea)             This is correct!
(typearea)             Internally I'm using `paper=a4'.
(typearea)             If you'd like to set the option with \KOMAoptions,
(typearea)             you'd have to use `paper=a4' there
(typearea)             instead of `a4paper', too.
\ta@hblk=\skip49
\ta@vblk=\skip50
\ta@temp=\skip51
\footheight=\skip52
Package typearea Info: These are the values describing the layout:
(typearea)             DIV  = 12
(typearea)             BCOR = 0.0pt
(typearea)             \paperwidth      = 597.50793pt
(typearea)              \textwidth      = 448.13095pt
(typearea)              DIV departure   = -6%
(typearea)              \evensidemargin = 27.31467pt
(typearea)              \oddsidemargin  = -22.47766pt
(typearea)             \paperheight     = 845.04694pt
(typearea)              \textheight     = 635.5pt
(typearea)              \topmargin      = -41.72441pt
(typearea)              \headheight     = 18.125pt
(typearea)              \headsep        = 21.75pt
(typearea)              \topskip        = 12.0pt
(typearea)              \footskip       = 50.75pt
(typearea)              \baselineskip   = 14.5pt
(typearea)              on input line 1740.
)
\c@part=\count176
\c@chapter=\count177
\c@section=\count178
\c@subsection=\count179
\c@subsubsection=\count180
\c@paragraph=\count181
\c@subparagraph=\count182
\scr@dte@chapter@maxnumwidth=\skip53
Class scrreprt Info: using compatibility default `afterindent=bysign'
(scrreprt)           for `\chapter on input line 5627.
\scr@dte@section@maxnumwidth=\skip54
Class scrreprt Info: using compatibility default `runin=bysign'
(scrreprt)           for `\section on input line 5638.
Class scrreprt Info: using compatibility default `afterindent=bysign'
(scrreprt)           for `\section on input line 5638.
\scr@dte@part@maxnumwidth=\skip55
Class scrreprt Info: using compatibility default `afterindent=true'
(scrreprt)           for `\part on input line 5647.
\scr@dte@subsection@maxnumwidth=\skip56
Class scrreprt Info: using compatibility default `runin=bysign'
(scrreprt)           for `\subsection on input line 5657.
Class scrreprt Info: using compatibility default `afterindent=bysign'
(scrreprt)           for `\subsection on input line 5657.
\scr@dte@subsubsection@maxnumwidth=\skip57
Class scrreprt Info: using compatibility default `runin=bysign'
(scrreprt)           for `\subsubsection on input line 5667.
Class scrreprt Info: using compatibility default `afterindent=bysign'
(scrreprt)           for `\subsubsection on input line 5667.
\scr@dte@paragraph@maxnumwidth=\skip58
Class scrreprt Info: using compatibility default `runin=bysign'
(scrreprt)           for `\paragraph on input line 5678.
Class scrreprt Info: using compatibility default `afterindent=bysign'
(scrreprt)           for `\paragraph on input line 5678.
\scr@dte@subparagraph@maxnumwidth=\skip59
Class scrreprt Info: using compatibility default `runin=bysign'
(scrreprt)           for `\subparagraph on input line 5688.
Class scrreprt Info: using compatibility default `afterindent=bysign'
(scrreprt)           for `\subparagraph on input line 5688.
\abovecaptionskip=\skip60
\belowcaptionskip=\skip61
\c@pti@nb@sid@b@x=\box48
Package tocbasic Info: babel extension for `lof' omitted
(tocbasic)             because of missing \bbl@set@language on input line 6925.

\scr@dte@figure@maxnumwidth=\skip62
\c@figure=\count183
Package tocbasic Info: babel extension for `lot' omitted
(tocbasic)             because of missing \bbl@set@language on input line 6942.

\scr@dte@table@maxnumwidth=\skip63
\c@table=\count184
Class scrreprt Info: Redefining `\numberline' on input line 7111.
\bibindent=\dimen138
)
Package scrkbase Info: You've told me to redefine the font selection of the
(scrkbase)             element `sectioning' that is an alias of element
(scrkbase)             `disposition' on input line 2.

(C:\Users\didid\AppData\Local\Programs\MiKTeX\tex/latex/graphics\graphicx.sty
Package: graphicx 2020/09/09 v1.2b Enhanced LaTeX Graphics (DPC,SPQR)

(C:\Users\didid\AppData\Local\Programs\MiKTeX\tex/latex/graphics\graphics.sty
Package: graphics 2020/08/30 v1.4c Standard LaTeX Graphics (DPC,SPQR)

(C:\Users\didid\AppData\Local\Programs\MiKTeX\tex/latex/graphics\trig.sty
Package: trig 2016/01/03 v1.10 sin cos tan (DPC)
)
(C:\Users\didid\AppData\Local\Programs\MiKTeX\tex/latex/graphics-cfg\graphics.c
fg
File: graphics.cfg 2016/06/04 v1.11 sample graphics configuration
)
Package graphics Info: Driver file: pdftex.def on input line 105.

(C:\Users\didid\AppData\Local\Programs\MiKTeX\tex/latex/graphics-def\pdftex.def
File: pdftex.def 2020/10/05 v1.2a Graphics/color driver for pdftex
))
\Gin@req@height=\dimen139
\Gin@req@width=\dimen140
)
(C:\Users\didid\AppData\Local\Programs\MiKTeX\tex/latex/koma-script\scrhack.sty
Package: scrhack 2020/09/21 v3.32 KOMA-Script package (hacking other packages)
(C:\Users\didid\AppData\Local\Programs\MiKTeX\tex/latex/xpatch\xpatch.sty
(C:\Users\didid\AppData\Local\Programs\MiKTeX\tex/latex/l3kernel\expl3.sty
Package: expl3 2020-10-05 L3 programming layer (loader) 

(C:\Users\didid\AppData\Local\Programs\MiKTeX\tex/latex/l3backend\l3backend-pdf
tex.def
File: l3backend-pdftex.def 2020-09-24 L3 backend support: PDF output (pdfTeX)
\l__kernel_color_stack_int=\count185
\l__pdf_internal_box=\box49
))
Package: xpatch 2020/03/25 v0.3a Extending etoolbox patching commands

(C:\Users\didid\AppData\Local\Programs\MiKTeX\tex/latex/l3packages/xparse\xpars
e.sty
Package: xparse 2020-10-05 L3 Experimental document command parser

(C:\Users\didid\AppData\Local\Programs\MiKTeX\tex/latex/l3packages/xparse\xpars
e-generic.tex))
(C:\Users\didid\AppData\Local\Programs\MiKTeX\tex/latex/etoolbox\etoolbox.sty
Package: etoolbox 2020/10/05 v2.5k e-TeX tools for LaTeX (JAW)
\etb@tempcnta=\count186
))) (C:\Users\didid\AppData\Local\Programs\MiKTeX\tex/latex/graphics\epsfig.sty
Package: epsfig 2017/06/25 v1.7b (e)psfig emulation (SPQR)
\epsfxsize=\dimen141
\epsfysize=\dimen142
)
(C:\Users\didid\AppData\Local\Programs\MiKTeX\tex/latex/base\inputenc.sty
Package: inputenc 2020/08/01 v1.3d Input encoding file
\inpenc@prehook=\toks16
\inpenc@posthook=\toks17
)
(C:\Users\didid\AppData\Local\Programs\MiKTeX\tex/generic/babel\babel.sty
Package: babel 2020/10/06 3.50 The Babel package

(C:\Users\didid\AppData\Local\Programs\MiKTeX\tex/generic/babel\babel.def
File: babel.def 2020/10/06 3.50 Babel common definitions
\babel@savecnt=\count187
\U@D=\dimen143
\l@babelnohyphens=\language79

(C:\Users\didid\AppData\Local\Programs\MiKTeX\tex/generic/babel\txtbabel.def)
\bbl@readstream=\read2
)
\bbl@dirlevel=\count188

*************************************
* Local config file bblopts.cfg used
*
(C:\Users\didid\AppData\Local\Programs\MiKTeX\tex/latex/arabi\bblopts.cfg
File: bblopts.cfg 2005/09/08 v0.1 add Arabic and Farsi to "declared" options of
 babel
)
(C:\Users\didid\AppData\Local\Programs\MiKTeX\tex/latex/babel-german\ngerman.ld
f
Language: ngerman 2020/07/21 v2.12 German support for babel (post-1996 orthogra
phy)

(C:\Users\didid\AppData\Local\Programs\MiKTeX\tex/latex/babel-german\ngermanb.l
df
Language: ngermanb 2020/07/21 v2.12 German support for babel (post-1996 orthogr
aphy)
Package babel Info: Making " an active character on input line 121.
)))
(C:\Users\didid\AppData\Local\Programs\MiKTeX\tex/latex/amsfonts\amssymb.sty
Package: amssymb 2013/01/14 v3.01 AMS font symbols

(C:\Users\didid\AppData\Local\Programs\MiKTeX\tex/latex/amsfonts\amsfonts.sty
Package: amsfonts 2013/01/14 v3.01 Basic AMSFonts support
\@emptytoks=\toks18
\symAMSa=\mathgroup4
\symAMSb=\mathgroup5
LaTeX Font Info:    Redeclaring math symbol \hbar on input line 98.
LaTeX Font Info:    Overwriting math alphabet `\mathfrak' in version `bold'
(Font)                  U/euf/m/n --> U/euf/b/n on input line 106.
))
(C:\Users\didid\AppData\Local\Programs\MiKTeX\tex/latex/doublestroke\dsfont.sty
Package: dsfont 1995/08/01 v0.1 Double stroke roman fonts
) (C:\Users\didid\AppData\Local\Programs\MiKTeX\tex/latex/acronym\acronym.sty
Package: acronym 2020/04/17 v1.47 Support for acronyms (Tobias Oetiker)

(C:\Users\didid\AppData\Local\Programs\MiKTeX\tex/latex/bigfoot\suffix.sty
Package: suffix 2006/07/15 1.5a Variant command support
)
(C:\Users\didid\AppData\Local\Programs\MiKTeX\tex/latex/xstring\xstring.sty
(C:\Users\didid\AppData\Local\Programs\MiKTeX\tex/generic/xstring\xstring.tex
\integerpart=\count189
\decimalpart=\count190
)
Package: xstring 2019/02/06 v1.83 String manipulations (CT)
)
\AC@clearlist=\toks19
)
Package scrhack Info: hyperref hack deactivated because of
(scrhack)             detection of KOMA-Script class, that doesn't
(scrhack)             need that hack, on input line 16.
 (C:\Users\didid\AppData\Local\Programs\MiKTeX\tex/latex/hyperref\hyperref.sty
Package: hyperref 2020-05-15 v7.00e Hypertext links for LaTeX
(C:\Users\didid\AppData\Local\Programs\MiKTeX\tex/generic/ltxcmds\ltxcmds.sty
Package: ltxcmds 2020-05-10 v1.25 LaTeX kernel commands for general use (HO)
)
(C:\Users\didid\AppData\Local\Programs\MiKTeX\tex/generic/iftex\iftex.sty
Package: iftex 2020/03/06 v1.0d TeX engine tests
)
(C:\Users\didid\AppData\Local\Programs\MiKTeX\tex/generic/pdftexcmds\pdftexcmds
.sty
Package: pdftexcmds 2020-06-27 v0.33 Utility functions of pdfTeX for LuaTeX (HO
)

(C:\Users\didid\AppData\Local\Programs\MiKTeX\tex/generic/infwarerr\infwarerr.s
ty
Package: infwarerr 2019/12/03 v1.5 Providing info/warning/error messages (HO)
)
Package pdftexcmds Info: \pdf@primitive is available.
Package pdftexcmds Info: \pdf@ifprimitive is available.
Package pdftexcmds Info: \pdfdraftmode found.
)
(C:\Users\didid\AppData\Local\Programs\MiKTeX\tex/generic/kvsetkeys\kvsetkeys.s
ty
Package: kvsetkeys 2019/12/15 v1.18 Key value parser (HO)
)
(C:\Users\didid\AppData\Local\Programs\MiKTeX\tex/generic/kvdefinekeys\kvdefine
keys.sty
Package: kvdefinekeys 2019-12-19 v1.6 Define keys (HO)
)
(C:\Users\didid\AppData\Local\Programs\MiKTeX\tex/generic/pdfescape\pdfescape.s
ty
Package: pdfescape 2019/12/09 v1.15 Implements pdfTeX's escape features (HO)
) (C:\Users\didid\AppData\Local\Programs\MiKTeX\tex/latex/hycolor\hycolor.sty
Package: hycolor 2020-01-27 v1.10 Color options for hyperref/bookmark (HO)
)
(C:\Users\didid\AppData\Local\Programs\MiKTeX\tex/latex/letltxmacro\letltxmacro
.sty
Package: letltxmacro 2019/12/03 v1.6 Let assignment for LaTeX macros (HO)
)
(C:\Users\didid\AppData\Local\Programs\MiKTeX\tex/latex/auxhook\auxhook.sty
Package: auxhook 2019-12-17 v1.6 Hooks for auxiliary files (HO)
)
(C:\Users\didid\AppData\Local\Programs\MiKTeX\tex/latex/kvoptions\kvoptions.sty
Package: kvoptions 2019/11/29 v3.13 Key value format for package options (HO)
)
\@linkdim=\dimen144
\Hy@linkcounter=\count191
\Hy@pagecounter=\count192
 (C:\Users\didid\AppData\Local\Programs\MiKTeX\tex/latex/hyperref\pd1enc.def
File: pd1enc.def 2020-05-15 v7.00e Hyperref: PDFDocEncoding definition (HO)
Now handling font encoding PD1 ...
... no UTF-8 mapping file for font encoding PD1
)
(C:\Users\didid\AppData\Local\Programs\MiKTeX\tex/generic/intcalc\intcalc.sty
Package: intcalc 2019/12/15 v1.3 Expandable calculations with integers (HO)
)
(C:\Users\didid\AppData\Local\Programs\MiKTeX\tex/generic/etexcmds\etexcmds.sty
Package: etexcmds 2019/12/15 v1.7 Avoid name clashes with e-TeX commands (HO)
)
\Hy@SavedSpaceFactor=\count193
Package hyperref Info: Option `colorlinks' set `true' on input line 4338.
Package hyperref Info: Option `pdfpagelabels' set `true' on input line 4338.
Package hyperref Info: Option `bookmarksopen' set `true' on input line 4338.
Package hyperref Info: Option `bookmarksnumbered' set `true' on input line 4338
.
Package hyperref Info: Option `plainpages' set `false' on input line 4338.
Package hyperref Info: Option `hypertexnames' set `false' on input line 4338.
Package hyperref Info: Hyper figures OFF on input line 4464.
Package hyperref Info: Link nesting OFF on input line 4469.
Package hyperref Info: Hyper index ON on input line 4472.
Package hyperref Info: Plain pages OFF on input line 4479.
Package hyperref Info: Backreferencing OFF on input line 4484.
Package hyperref Info: Implicit mode ON; LaTeX internals redefined.
Package hyperref Info: Bookmarks ON on input line 4717.
\c@Hy@tempcnt=\count194
 (C:\Users\didid\AppData\Local\Programs\MiKTeX\tex/latex/url\url.sty
\Urlmuskip=\muskip16
Package: url 2013/09/16  ver 3.4  Verb mode for urls, etc.
)
LaTeX Info: Redefining \url on input line 5076.
\XeTeXLinkMargin=\dimen145

(C:\Users\didid\AppData\Local\Programs\MiKTeX\tex/generic/bitset\bitset.sty
Package: bitset 2019/12/09 v1.3 Handle bit-vector datatype (HO)

(C:\Users\didid\AppData\Local\Programs\MiKTeX\tex/generic/bigintcalc\bigintcalc
.sty
Package: bigintcalc 2019/12/15 v1.5 Expandable calculations on big integers (HO
)
))
\Fld@menulength=\count195
\Field@Width=\dimen146
\Fld@charsize=\dimen147
Package hyperref Info: Hyper figures OFF on input line 6347.
Package hyperref Info: Link nesting OFF on input line 6352.
Package hyperref Info: Hyper index ON on input line 6355.
Package hyperref Info: backreferencing OFF on input line 6362.
Package hyperref Info: Link coloring ON on input line 6365.
Package hyperref Info: Link coloring with OCG OFF on input line 6372.
Package hyperref Info: PDF/A mode OFF on input line 6377.
LaTeX Info: Redefining \ref on input line 6417.
LaTeX Info: Redefining \pageref on input line 6421.

(C:\Users\didid\AppData\Local\Programs\MiKTeX\tex/latex/base\atbegshi-ltx.sty
Package: atbegshi-ltx 2020/08/17 v1.0a Emulation of the original atbegshi packa
ge
with kernel methods
)
\Hy@abspage=\count196
\c@Item=\count197
\c@Hfootnote=\count198
)
Package hyperref Info: Driver (autodetected): hpdftex.
(C:\Users\didid\AppData\Local\Programs\MiKTeX\tex/latex/hyperref\hpdftex.def
File: hpdftex.def 2020-05-15 v7.00e Hyperref driver for pdfTeX

(C:\Users\didid\AppData\Local\Programs\MiKTeX\tex/latex/base\atveryend-ltx.sty
Package: atveryend-ltx 2020/08/19 v1.0a Emulation of the original atvery packag
e
with kernel methods
)
\Fld@listcount=\count199
\c@bookmark@seq@number=\count266

(C:\Users\didid\AppData\Local\Programs\MiKTeX\tex/latex/rerunfilecheck\rerunfil
echeck.sty
Package: rerunfilecheck 2019/12/05 v1.9 Rerun checks for auxiliary files (HO)

(C:\Users\didid\AppData\Local\Programs\MiKTeX\tex/generic/uniquecounter\uniquec
ounter.sty
Package: uniquecounter 2019/12/15 v1.4 Provide unlimited unique counter (HO)
)
Package uniquecounter Info: New unique counter `rerunfilecheck' on input line 2
86.
)
\Hy@SectionHShift=\skip64
)
(C:\Users\didid\AppData\Local\Programs\MiKTeX\tex/latex/float\float.sty
Package: float 2001/11/08 v1.3d Float enhancements (AL)
\c@float@type=\count267
\float@exts=\toks20
\float@box=\box50
\@float@everytoks=\toks21
\@floatcapt=\box51
)
Package scrhack Info: loading float hack on input line 18.

(C:\Users\didid\AppData\Local\Programs\MiKTeX\tex/latex/koma-script\float.hak
File: float.hak 2020/09/21 v3.32 KOMA-Script scrhack part (hacking package floa
t)
Package scrhack Info: redefining \newfloat on input line 163.
Package scrhack Info: redefining \listof on input line 163.
Package scrhack Info: undefining \float@addtolists on input line 163.
)
(C:\Users\didid\AppData\Local\Programs\MiKTeX\tex/latex/listings\listings.sty
\lst@mode=\count268
\lst@gtempboxa=\box52
\lst@token=\toks22
\lst@length=\count269
\lst@currlwidth=\dimen148
\lst@column=\count270
\lst@pos=\count271
\lst@lostspace=\dimen149
\lst@width=\dimen150
\lst@newlines=\count272
\lst@lineno=\count273
\lst@maxwidth=\dimen151

(C:\Users\didid\AppData\Local\Programs\MiKTeX\tex/latex/listings\lstmisc.sty
File: lstmisc.sty 2020/03/24 1.8d (Carsten Heinz)
\c@lstnumber=\count274
\lst@skipnumbers=\count275
\lst@framebox=\box53
)
(C:\Users\didid\AppData\Local\Programs\MiKTeX\tex/latex/listings\listings.cfg
File: listings.cfg 2020/03/24 1.8d listings configuration
))
Package scrhack Info: loading listings hack on input line 19.

(C:\Users\didid\AppData\Local\Programs\MiKTeX\tex/latex/koma-script\listings.ha
k
File: listings.hak 2020/09/21 v3.32 KOMA-Script scrhack part (hacking package l
istings)
Package tocbasic Info: setting babel extension for `lol' on input line 143.
Package scrhack Info: redefining \lstlistoflistings on input line 143.
)
Package: listings 2020/03/24 1.8d (Carsten Heinz)


Class scrreprt Warning: Usage of package `fancyhdr' together
(scrreprt)              with a KOMA-Script class is not recommended.
(scrreprt)              I'd suggest to use 
(scrreprt)              package `scrlayer' or `scrlayer-scrpage', because
(scrreprt)              they support KOMA-Script classes.
(scrreprt)              With `fancyhdr' several features of class `scrreprt'
(scrreprt)              like options `headsepline', `footsepline' or command
(scrreprt)              `\MakeMarkcase' and the commands `\setkomafont' and
(scrreprt)              `\addtokomafont' for the page style elements need
(scrreprt)              explicite user intervention to work.
(scrreprt)              Nevertheless, using requested
(scrreprt)              package `fancyhdr' on input line 20.

(C:\Users\didid\AppData\Local\Programs\MiKTeX\tex/latex/fancyhdr\fancyhdr.sty
Package: fancyhdr 2019/01/31 v3.10 Extensive control of page headers and footer
s
\f@nch@headwidth=\skip65
\f@nch@O@elh=\skip66
\f@nch@O@erh=\skip67
\f@nch@O@olh=\skip68
\f@nch@O@orh=\skip69
\f@nch@O@elf=\skip70
\f@nch@O@erf=\skip71
\f@nch@O@olf=\skip72
\f@nch@O@orf=\skip73
)
(C:\Users\didid\AppData\Local\Programs\MiKTeX\tex/latex/pdfpages\pdfpages.sty
Package: pdfpages 2020/01/28 v0.5q Insert pages of external PDF documents (AM)

(C:\Users\didid\AppData\Local\Programs\MiKTeX\tex/latex/base\ifthen.sty
Package: ifthen 2014/09/29 v1.1c Standard LaTeX ifthen package (DPC)
)
(C:\Users\didid\AppData\Local\Programs\MiKTeX\tex/latex/tools\calc.sty
Package: calc 2017/05/25 v4.3 Infix arithmetic (KKT,FJ)
\calc@Acount=\count276
\calc@Bcount=\count277
\calc@Adimen=\dimen152
\calc@Bdimen=\dimen153
\calc@Askip=\skip74
\calc@Bskip=\skip75
LaTeX Info: Redefining \setlength on input line 80.
LaTeX Info: Redefining \addtolength on input line 81.
\calc@Ccount=\count278
\calc@Cskip=\skip76
)
(C:\Users\didid\AppData\Local\Programs\MiKTeX\tex/latex/eso-pic\eso-pic.sty
Package: eso-pic 2020/09/27 v2.0i eso-pic (RN)
\ESO@tempdima=\dimen154
\ESO@tempdimb=\dimen155

(C:\Users\didid\AppData\Local\Programs\MiKTeX\tex/latex/xcolor\xcolor.sty
Package: xcolor 2016/05/11 v2.12 LaTeX color extensions (UK)

(C:\Users\didid\AppData\Local\Programs\MiKTeX\tex/latex/graphics-cfg\color.cfg
File: color.cfg 2016/01/02 v1.6 sample color configuration
)
Package xcolor Info: Driver file: pdftex.def on input line 225.
Package xcolor Info: Model `cmy' substituted by `cmy0' on input line 1348.
Package xcolor Info: Model `hsb' substituted by `rgb' on input line 1352.
Package xcolor Info: Model `RGB' extended on input line 1364.
Package xcolor Info: Model `HTML' substituted by `rgb' on input line 1366.
Package xcolor Info: Model `Hsb' substituted by `hsb' on input line 1367.
Package xcolor Info: Model `tHsb' substituted by `hsb' on input line 1368.
Package xcolor Info: Model `HSB' substituted by `hsb' on input line 1369.
Package xcolor Info: Model `Gray' substituted by `gray' on input line 1370.
Package xcolor Info: Model `wave' substituted by `hsb' on input line 1371.
))
\AM@pagewidth=\dimen156
\AM@pageheight=\dimen157

(C:\Users\didid\AppData\Local\Programs\MiKTeX\tex/latex/pdfpages\pppdftex.def
File: pppdftex.def 2020/01/28 v0.5q Pdfpages driver for pdfTeX (AM)
)
\AM@pagebox=\box54
\AM@global@opts=\toks23
\AM@pagecnt=\count279
\AM@toc@title=\toks24
\c@AM@survey=\count280
\AM@templatesizebox=\box55
)
(C:\Users\didid\AppData\Local\Programs\MiKTeX\tex/latex/todonotes\todonotes.sty
Package: todonotes 2020/08/18 v1.1.3 Todonotes source and documentation.
Package: todonotes 2018/11/22
(C:\Users\didid\AppData\Local\Programs\MiKTeX\tex/latex/xkeyval\xkeyval.sty
Package: xkeyval 2014/12/03 v2.7a package option processing (HA)

(C:\Users\didid\AppData\Local\Programs\MiKTeX\tex/generic/xkeyval\xkeyval.tex
(C:\Users\didid\AppData\Local\Programs\MiKTeX\tex/generic/xkeyval\xkvutils.tex
\XKV@toks=\toks25
\XKV@tempa@toks=\toks26
)
\XKV@depth=\count281
File: xkeyval.tex 2014/12/03 v2.7a key=value parser (HA)
))
(C:\Users\didid\AppData\Local\Programs\MiKTeX\tex/latex/pgf/frontendlayer\tikz.
sty
(C:\Users\didid\AppData\Local\Programs\MiKTeX\tex/latex/pgf/basiclayer\pgf.sty
(C:\Users\didid\AppData\Local\Programs\MiKTeX\tex/latex/pgf/utilities\pgfrcs.st
y
(C:\Users\didid\AppData\Local\Programs\MiKTeX\tex/generic/pgf/utilities\pgfutil
-common.tex
\pgfutil@everybye=\toks27
\pgfutil@tempdima=\dimen158
\pgfutil@tempdimb=\dimen159

(C:\Users\didid\AppData\Local\Programs\MiKTeX\tex/generic/pgf/utilities\pgfutil
-common-lists.tex))
(C:\Users\didid\AppData\Local\Programs\MiKTeX\tex/generic/pgf/utilities\pgfutil
-latex.def
\pgfutil@abb=\box56
)
(C:\Users\didid\AppData\Local\Programs\MiKTeX\tex/generic/pgf/utilities\pgfrcs.
code.tex
(C:\Users\didid\AppData\Local\Programs\MiKTeX\tex/generic/pgf\pgf.revision.tex)
Package: pgfrcs 2020/10/01 v3.1.6a (3.1.6a)
))
Package: pgf 2020/10/01 v3.1.6a (3.1.6a)

(C:\Users\didid\AppData\Local\Programs\MiKTeX\tex/latex/pgf/basiclayer\pgfcore.
sty
(C:\Users\didid\AppData\Local\Programs\MiKTeX\tex/latex/pgf/systemlayer\pgfsys.
sty
(C:\Users\didid\AppData\Local\Programs\MiKTeX\tex/generic/pgf/systemlayer\pgfsy
s.code.tex
Package: pgfsys 2020/10/01 v3.1.6a (3.1.6a)

(C:\Users\didid\AppData\Local\Programs\MiKTeX\tex/generic/pgf/utilities\pgfkeys
.code.tex
\pgfkeys@pathtoks=\toks28
\pgfkeys@temptoks=\toks29

(C:\Users\didid\AppData\Local\Programs\MiKTeX\tex/generic/pgf/utilities\pgfkeys
filtered.code.tex
\pgfkeys@tmptoks=\toks30
))
\pgf@x=\dimen160
\pgf@y=\dimen161
\pgf@xa=\dimen162
\pgf@ya=\dimen163
\pgf@xb=\dimen164
\pgf@yb=\dimen165
\pgf@xc=\dimen166
\pgf@yc=\dimen167
\pgf@xd=\dimen168
\pgf@yd=\dimen169
\w@pgf@writea=\write3
\r@pgf@reada=\read3
\c@pgf@counta=\count282
\c@pgf@countb=\count283
\c@pgf@countc=\count284
\c@pgf@countd=\count285
\t@pgf@toka=\toks31
\t@pgf@tokb=\toks32
\t@pgf@tokc=\toks33
\pgf@sys@id@count=\count286

(C:\Users\didid\AppData\Local\Programs\MiKTeX\tex/generic/pgf/systemlayer\pgf.c
fg
File: pgf.cfg 2020/10/01 v3.1.6a (3.1.6a)
)
Driver file for pgf: pgfsys-pdftex.def

(C:\Users\didid\AppData\Local\Programs\MiKTeX\tex/generic/pgf/systemlayer\pgfsy
s-pdftex.def
File: pgfsys-pdftex.def 2020/10/01 v3.1.6a (3.1.6a)

(C:\Users\didid\AppData\Local\Programs\MiKTeX\tex/generic/pgf/systemlayer\pgfsy
s-common-pdf.def
File: pgfsys-common-pdf.def 2020/10/01 v3.1.6a (3.1.6a)
)))
(C:\Users\didid\AppData\Local\Programs\MiKTeX\tex/generic/pgf/systemlayer\pgfsy
ssoftpath.code.tex
File: pgfsyssoftpath.code.tex 2020/10/01 v3.1.6a (3.1.6a)
\pgfsyssoftpath@smallbuffer@items=\count287
\pgfsyssoftpath@bigbuffer@items=\count288
)
(C:\Users\didid\AppData\Local\Programs\MiKTeX\tex/generic/pgf/systemlayer\pgfsy
sprotocol.code.tex
File: pgfsysprotocol.code.tex 2020/10/01 v3.1.6a (3.1.6a)
))
(C:\Users\didid\AppData\Local\Programs\MiKTeX\tex/generic/pgf/basiclayer\pgfcor
e.code.tex
Package: pgfcore 2020/10/01 v3.1.6a (3.1.6a)

(C:\Users\didid\AppData\Local\Programs\MiKTeX\tex/generic/pgf/math\pgfmath.code
.tex
(C:\Users\didid\AppData\Local\Programs\MiKTeX\tex/generic/pgf/math\pgfmathcalc.
code.tex
(C:\Users\didid\AppData\Local\Programs\MiKTeX\tex/generic/pgf/math\pgfmathutil.
code.tex)
(C:\Users\didid\AppData\Local\Programs\MiKTeX\tex/generic/pgf/math\pgfmathparse
r.code.tex
\pgfmath@dimen=\dimen170
\pgfmath@count=\count289
\pgfmath@box=\box57
\pgfmath@toks=\toks34
\pgfmath@stack@operand=\toks35
\pgfmath@stack@operation=\toks36
)
(C:\Users\didid\AppData\Local\Programs\MiKTeX\tex/generic/pgf/math\pgfmathfunct
ions.code.tex
(C:\Users\didid\AppData\Local\Programs\MiKTeX\tex/generic/pgf/math\pgfmathfunct
ions.basic.code.tex)
(C:\Users\didid\AppData\Local\Programs\MiKTeX\tex/generic/pgf/math\pgfmathfunct
ions.trigonometric.code.tex)
(C:\Users\didid\AppData\Local\Programs\MiKTeX\tex/generic/pgf/math\pgfmathfunct
ions.random.code.tex)
(C:\Users\didid\AppData\Local\Programs\MiKTeX\tex/generic/pgf/math\pgfmathfunct
ions.comparison.code.tex)
(C:\Users\didid\AppData\Local\Programs\MiKTeX\tex/generic/pgf/math\pgfmathfunct
ions.base.code.tex)
(C:\Users\didid\AppData\Local\Programs\MiKTeX\tex/generic/pgf/math\pgfmathfunct
ions.round.code.tex)
(C:\Users\didid\AppData\Local\Programs\MiKTeX\tex/generic/pgf/math\pgfmathfunct
ions.misc.code.tex)
(C:\Users\didid\AppData\Local\Programs\MiKTeX\tex/generic/pgf/math\pgfmathfunct
ions.integerarithmetics.code.tex)))
(C:\Users\didid\AppData\Local\Programs\MiKTeX\tex/generic/pgf/math\pgfmathfloat
.code.tex
\c@pgfmathroundto@lastzeros=\count290
))
(C:\Users\didid\AppData\Local\Programs\MiKTeX\tex/generic/pgf/math\pgfint.code.
tex)
(C:\Users\didid\AppData\Local\Programs\MiKTeX\tex/generic/pgf/basiclayer\pgfcor
epoints.code.tex
File: pgfcorepoints.code.tex 2020/10/01 v3.1.6a (3.1.6a)
\pgf@picminx=\dimen171
\pgf@picmaxx=\dimen172
\pgf@picminy=\dimen173
\pgf@picmaxy=\dimen174
\pgf@pathminx=\dimen175
\pgf@pathmaxx=\dimen176
\pgf@pathminy=\dimen177
\pgf@pathmaxy=\dimen178
\pgf@xx=\dimen179
\pgf@xy=\dimen180
\pgf@yx=\dimen181
\pgf@yy=\dimen182
\pgf@zx=\dimen183
\pgf@zy=\dimen184
)
(C:\Users\didid\AppData\Local\Programs\MiKTeX\tex/generic/pgf/basiclayer\pgfcor
epathconstruct.code.tex
File: pgfcorepathconstruct.code.tex 2020/10/01 v3.1.6a (3.1.6a)
\pgf@path@lastx=\dimen185
\pgf@path@lasty=\dimen186
)
(C:\Users\didid\AppData\Local\Programs\MiKTeX\tex/generic/pgf/basiclayer\pgfcor
epathusage.code.tex
File: pgfcorepathusage.code.tex 2020/10/01 v3.1.6a (3.1.6a)
\pgf@shorten@end@additional=\dimen187
\pgf@shorten@start@additional=\dimen188
)
(C:\Users\didid\AppData\Local\Programs\MiKTeX\tex/generic/pgf/basiclayer\pgfcor
escopes.code.tex
File: pgfcorescopes.code.tex 2020/10/01 v3.1.6a (3.1.6a)
\pgfpic=\box58
\pgf@hbox=\box59
\pgf@layerbox@main=\box60
\pgf@picture@serial@count=\count291
)
(C:\Users\didid\AppData\Local\Programs\MiKTeX\tex/generic/pgf/basiclayer\pgfcor
egraphicstate.code.tex
File: pgfcoregraphicstate.code.tex 2020/10/01 v3.1.6a (3.1.6a)
\pgflinewidth=\dimen189
)
(C:\Users\didid\AppData\Local\Programs\MiKTeX\tex/generic/pgf/basiclayer\pgfcor
etransformations.code.tex
File: pgfcoretransformations.code.tex 2020/10/01 v3.1.6a (3.1.6a)
\pgf@pt@x=\dimen190
\pgf@pt@y=\dimen191
\pgf@pt@temp=\dimen192
)
(C:\Users\didid\AppData\Local\Programs\MiKTeX\tex/generic/pgf/basiclayer\pgfcor
equick.code.tex
File: pgfcorequick.code.tex 2020/10/01 v3.1.6a (3.1.6a)
)
(C:\Users\didid\AppData\Local\Programs\MiKTeX\tex/generic/pgf/basiclayer\pgfcor
eobjects.code.tex
File: pgfcoreobjects.code.tex 2020/10/01 v3.1.6a (3.1.6a)
)
(C:\Users\didid\AppData\Local\Programs\MiKTeX\tex/generic/pgf/basiclayer\pgfcor
epathprocessing.code.tex
File: pgfcorepathprocessing.code.tex 2020/10/01 v3.1.6a (3.1.6a)
)
(C:\Users\didid\AppData\Local\Programs\MiKTeX\tex/generic/pgf/basiclayer\pgfcor
earrows.code.tex
File: pgfcorearrows.code.tex 2020/10/01 v3.1.6a (3.1.6a)
\pgfarrowsep=\dimen193
)
(C:\Users\didid\AppData\Local\Programs\MiKTeX\tex/generic/pgf/basiclayer\pgfcor
eshade.code.tex
File: pgfcoreshade.code.tex 2020/10/01 v3.1.6a (3.1.6a)
\pgf@max=\dimen194
\pgf@sys@shading@range@num=\count292
\pgf@shadingcount=\count293
)
(C:\Users\didid\AppData\Local\Programs\MiKTeX\tex/generic/pgf/basiclayer\pgfcor
eimage.code.tex
File: pgfcoreimage.code.tex 2020/10/01 v3.1.6a (3.1.6a)

(C:\Users\didid\AppData\Local\Programs\MiKTeX\tex/generic/pgf/basiclayer\pgfcor
eexternal.code.tex
File: pgfcoreexternal.code.tex 2020/10/01 v3.1.6a (3.1.6a)
\pgfexternal@startupbox=\box61
))
(C:\Users\didid\AppData\Local\Programs\MiKTeX\tex/generic/pgf/basiclayer\pgfcor
elayers.code.tex
File: pgfcorelayers.code.tex 2020/10/01 v3.1.6a (3.1.6a)
)
(C:\Users\didid\AppData\Local\Programs\MiKTeX\tex/generic/pgf/basiclayer\pgfcor
etransparency.code.tex
File: pgfcoretransparency.code.tex 2020/10/01 v3.1.6a (3.1.6a)
)
(C:\Users\didid\AppData\Local\Programs\MiKTeX\tex/generic/pgf/basiclayer\pgfcor
epatterns.code.tex
File: pgfcorepatterns.code.tex 2020/10/01 v3.1.6a (3.1.6a)
)
(C:\Users\didid\AppData\Local\Programs\MiKTeX\tex/generic/pgf/basiclayer\pgfcor
erdf.code.tex
File: pgfcorerdf.code.tex 2020/10/01 v3.1.6a (3.1.6a)
)))
(C:\Users\didid\AppData\Local\Programs\MiKTeX\tex/generic/pgf/modules\pgfmodule
shapes.code.tex
File: pgfmoduleshapes.code.tex 2020/10/01 v3.1.6a (3.1.6a)
\pgfnodeparttextbox=\box62
)
(C:\Users\didid\AppData\Local\Programs\MiKTeX\tex/generic/pgf/modules\pgfmodule
plot.code.tex
File: pgfmoduleplot.code.tex 2020/10/01 v3.1.6a (3.1.6a)
)
(C:\Users\didid\AppData\Local\Programs\MiKTeX\tex/latex/pgf/compatibility\pgfco
mp-version-0-65.sty
Package: pgfcomp-version-0-65 2020/10/01 v3.1.6a (3.1.6a)
\pgf@nodesepstart=\dimen195
\pgf@nodesepend=\dimen196
)
(C:\Users\didid\AppData\Local\Programs\MiKTeX\tex/latex/pgf/compatibility\pgfco
mp-version-1-18.sty
Package: pgfcomp-version-1-18 2020/10/01 v3.1.6a (3.1.6a)
))
(C:\Users\didid\AppData\Local\Programs\MiKTeX\tex/latex/pgf/utilities\pgffor.st
y
(C:\Users\didid\AppData\Local\Programs\MiKTeX\tex/latex/pgf/utilities\pgfkeys.s
ty
(C:\Users\didid\AppData\Local\Programs\MiKTeX\tex/generic/pgf/utilities\pgfkeys
.code.tex))
(C:\Users\didid\AppData\Local\Programs\MiKTeX\tex/latex/pgf/math\pgfmath.sty
(C:\Users\didid\AppData\Local\Programs\MiKTeX\tex/generic/pgf/math\pgfmath.code
.tex))
(C:\Users\didid\AppData\Local\Programs\MiKTeX\tex/generic/pgf/utilities\pgffor.
code.tex
Package: pgffor 2020/10/01 v3.1.6a (3.1.6a)

(C:\Users\didid\AppData\Local\Programs\MiKTeX\tex/generic/pgf/math\pgfmath.code
.tex)
\pgffor@iter=\dimen197
\pgffor@skip=\dimen198
\pgffor@stack=\toks37
\pgffor@toks=\toks38
))
(C:\Users\didid\AppData\Local\Programs\MiKTeX\tex/generic/pgf/frontendlayer/tik
z\tikz.code.tex
Package: tikz 2020/10/01 v3.1.6a (3.1.6a)

(C:\Users\didid\AppData\Local\Programs\MiKTeX\tex/generic/pgf/libraries\pgflibr
aryplothandlers.code.tex
File: pgflibraryplothandlers.code.tex 2020/10/01 v3.1.6a (3.1.6a)
\pgf@plot@mark@count=\count294
\pgfplotmarksize=\dimen199
)
\tikz@lastx=\dimen256
\tikz@lasty=\dimen257
\tikz@lastxsaved=\dimen258
\tikz@lastysaved=\dimen259
\tikz@lastmovetox=\dimen260
\tikz@lastmovetoy=\dimen261
\tikzleveldistance=\dimen262
\tikzsiblingdistance=\dimen263
\tikz@figbox=\box63
\tikz@figbox@bg=\box64
\tikz@tempbox=\box65
\tikz@tempbox@bg=\box66
\tikztreelevel=\count295
\tikznumberofchildren=\count296
\tikznumberofcurrentchild=\count297
\tikz@fig@count=\count298

(C:\Users\didid\AppData\Local\Programs\MiKTeX\tex/generic/pgf/modules\pgfmodule
matrix.code.tex
File: pgfmodulematrix.code.tex 2020/10/01 v3.1.6a (3.1.6a)
\pgfmatrixcurrentrow=\count299
\pgfmatrixcurrentcolumn=\count300
\pgf@matrix@numberofcolumns=\count301
)
\tikz@expandcount=\count302

(C:\Users\didid\AppData\Local\Programs\MiKTeX\tex/generic/pgf/frontendlayer/tik
z/libraries\tikzlibrarytopaths.code.tex
File: tikzlibrarytopaths.code.tex 2020/10/01 v3.1.6a (3.1.6a)
)))
(C:\Users\didid\AppData\Local\Programs\MiKTeX\tex/generic/pgf/frontendlayer/tik
z/libraries\tikzlibrarypositioning.code.tex
File: tikzlibrarypositioning.code.tex 2020/10/01 v3.1.6a (3.1.6a)
)
(C:\Users\didid\AppData\Local\Programs\MiKTeX\tex/generic/pgf/frontendlayer/tik
z/libraries\tikzlibraryshadows.code.tex
File: tikzlibraryshadows.code.tex 2020/10/01 v3.1.6a (3.1.6a)

(C:\Users\didid\AppData\Local\Programs\MiKTeX\tex/generic/pgf/frontendlayer/tik
z/libraries\tikzlibraryfadings.code.tex
File: tikzlibraryfadings.code.tex 2020/10/01 v3.1.6a (3.1.6a)

(C:\Users\didid\AppData\Local\Programs\MiKTeX\tex/generic/pgf/libraries\pgflibr
aryfadings.code.tex
File: pgflibraryfadings.code.tex 2020/10/01 v3.1.6a (3.1.6a)
)))
\c@@todonotes@numberoftodonotes=\count303
)
(C:\Users\didid\AppData\Local\Programs\MiKTeX\tex/latex/enumitem\enumitem.sty
Package: enumitem 2019/06/20 v3.9 Customized lists
\labelindent=\skip77
\enit@outerparindent=\dimen264
\enit@toks=\toks39
\enit@inbox=\box67
\enit@count@id=\count304
\enitdp@description=\count305
)
(C:\Users\didid\AppData\Local\Programs\MiKTeX\tex/latex/tools\longtable.sty
Package: longtable 2020/01/07 v4.13 Multi-page Table package (DPC)
\LTleft=\skip78
\LTright=\skip79
\LTpre=\skip80
\LTpost=\skip81
\LTchunksize=\count306
\LTcapwidth=\dimen265
\LT@head=\box68
\LT@firsthead=\box69
\LT@foot=\box70
\LT@lastfoot=\box71
\LT@cols=\count307
\LT@rows=\count308
\c@LT@tables=\count309
\c@LT@chunks=\count310
\LT@p@ftn=\toks40
)
Class scrreprt Info: longtable captions redefined on input line 24.

(C:\Users\didid\AppData\Local\Programs\MiKTeX\tex/latex/booktabs\booktabs.sty
Package: booktabs 2020/01/12 v1.61803398 Publication quality tables
\heavyrulewidth=\dimen266
\lightrulewidth=\dimen267
\cmidrulewidth=\dimen268
\belowrulesep=\dimen269
\belowbottomsep=\dimen270
\aboverulesep=\dimen271
\abovetopsep=\dimen272
\cmidrulesep=\dimen273
\cmidrulekern=\dimen274
\defaultaddspace=\dimen275
\@cmidla=\count311
\@cmidlb=\count312
\@aboverulesep=\dimen276
\@belowrulesep=\dimen277
\@thisruleclass=\count313
\@lastruleclass=\count314
\@thisrulewidth=\dimen278
)
(C:\Users\didid\AppData\Local\Programs\MiKTeX\tex/latex/multirow\multirow.sty
Package: multirow 2019/05/31 v2.5 Span multiple rows of a table
\multirow@colwidth=\skip82
\multirow@cntb=\count315
\multirow@dima=\skip83
\bigstrutjot=\dimen279
)
(C:\Users\didid\AppData\Local\Programs\MiKTeX\tex/latex/graphics\lscape.sty
Package: lscape 2020/05/28 v3.02 Landscape Pages (DPC)
)
Package scrhack Info: loading lscape hack on input line 27.

(C:\Users\didid\AppData\Local\Programs\MiKTeX\tex/latex/koma-script\lscape.hak
File: lscape.hak 2020/09/21 v3.32 KOMA-Script scrhack part (hacking package lsc
ape)
Package scrhack Info: \landscape patched to make \textheight change optional on
 input line 90.
\scrh@LT@textheight=\skip84
) (C:\Users\didid\AppData\Local\Programs\MiKTeX\tex/latex/thesis\thesis.sty

LaTeX Warning: inputting `thesis.cls' instead of obsolete `thesis.sty'.

)
(C:\Users\didid\AppData\Local\Programs\MiKTeX\tex/latex/bytefield\bytefield.sty
Package: bytefield 2020/10/22 v2.5 Network protocol diagrams
\bytefield@height=\skip85
\bytefield@height@increment=\skip86
\entire@bytefield@picture=\box72
\bf@bitwidth=\skip87
\bf@bitheight=\skip88
\units@wide=\skip89
\units@tall=\skip90
\units@high=\skip91
\header@xpos=\skip92
\c@header@val=\count316
\c@max@header@val=\count317
\curly@box=\box73
\wordlabelr@start=\skip93
\wordlabelr@end=\skip94
\wordlabell@start=\skip95
\wordlabell@end=\skip96
\total@lbox@width=\skip97
\label@box@width=\skip98
\label@box@height=\skip99
\word@label@box=\box74
)) (C:\Users\didid\AppData\Local\Programs\MiKTeX\tex/latex/amsmath\amsmath.sty
Package: amsmath 2020/09/23 v2.17i AMS math features
\@mathmargin=\skip100

For additional information on amsmath, use the `?' option.
(C:\Users\didid\AppData\Local\Programs\MiKTeX\tex/latex/amsmath\amstext.sty
Package: amstext 2000/06/29 v2.01 AMS text

(C:\Users\didid\AppData\Local\Programs\MiKTeX\tex/latex/amsmath\amsgen.sty
File: amsgen.sty 1999/11/30 v2.0 generic functions
\@emptytoks=\toks41
\ex@=\dimen280
))
(C:\Users\didid\AppData\Local\Programs\MiKTeX\tex/latex/amsmath\amsbsy.sty
Package: amsbsy 1999/11/29 v1.2d Bold Symbols
\pmbraise@=\dimen281
)
(C:\Users\didid\AppData\Local\Programs\MiKTeX\tex/latex/amsmath\amsopn.sty
Package: amsopn 2016/03/08 v2.02 operator names
)
\inf@bad=\count318
LaTeX Info: Redefining \frac on input line 234.
\uproot@=\count319
\leftroot@=\count320
LaTeX Info: Redefining \overline on input line 399.
\classnum@=\count321
\DOTSCASE@=\count322
LaTeX Info: Redefining \ldots on input line 496.
LaTeX Info: Redefining \dots on input line 499.
LaTeX Info: Redefining \cdots on input line 620.
\Mathstrutbox@=\box75
\strutbox@=\box76
\big@size=\dimen282
LaTeX Font Info:    Redeclaring font encoding OML on input line 743.
LaTeX Font Info:    Redeclaring font encoding OMS on input line 744.
\macc@depth=\count323
\c@MaxMatrixCols=\count324
\dotsspace@=\muskip17
\c@parentequation=\count325
\dspbrk@lvl=\count326
\tag@help=\toks42
\row@=\count327
\column@=\count328
\maxfields@=\count329
\andhelp@=\toks43
\eqnshift@=\dimen283
\alignsep@=\dimen284
\tagshift@=\dimen285
\tagwidth@=\dimen286
\totwidth@=\dimen287
\lineht@=\dimen288
\@envbody=\toks44
\multlinegap=\skip101
\multlinetaggap=\skip102
\mathdisplay@stack=\toks45
LaTeX Info: Redefining \[ on input line 2923.
LaTeX Info: Redefining \] on input line 2924.
)
(Thesis.aux ("source/content/Deep Learning.aux")
("source/content/Natural Language Processing.aux")
(source/content/Datengrundlage.aux) ("source/content/Abstraktiver Ansatz.aux")
("source/content/Sprachtechnische Adaption.aux")
(source/content/Zusammenfassung.aux)
("source/content/Diskussion und Ausblick.aux"))
\openout1 = `Thesis.aux'.

LaTeX Font Info:    Checking defaults for OML/cmm/m/it on input line 3.
LaTeX Font Info:    ... okay on input line 3.
LaTeX Font Info:    Checking defaults for OMS/cmsy/m/n on input line 3.
LaTeX Font Info:    ... okay on input line 3.
LaTeX Font Info:    Checking defaults for OT1/cmr/m/n on input line 3.
LaTeX Font Info:    ... okay on input line 3.
LaTeX Font Info:    Checking defaults for T1/cmr/m/n on input line 3.
LaTeX Font Info:    ... okay on input line 3.
LaTeX Font Info:    Checking defaults for TS1/cmr/m/n on input line 3.
LaTeX Font Info:    ... okay on input line 3.
LaTeX Font Info:    Checking defaults for OMX/cmex/m/n on input line 3.
LaTeX Font Info:    ... okay on input line 3.
LaTeX Font Info:    Checking defaults for U/cmr/m/n on input line 3.
LaTeX Font Info:    ... okay on input line 3.
LaTeX Font Info:    Checking defaults for PD1/pdf/m/n on input line 3.
LaTeX Font Info:    ... okay on input line 3.

(C:\Users\didid\AppData\Local\Programs\MiKTeX\tex/context/base/mkii\supp-pdf.mk
ii
[Loading MPS to PDF converter (version 2006.09.02).]
\scratchcounter=\count330
\scratchdimen=\dimen289
\scratchbox=\box77
\nofMPsegments=\count331
\nofMParguments=\count332
\everyMPshowfont=\toks46
\MPscratchCnt=\count333
\MPscratchDim=\dimen290
\MPnumerator=\count334
\makeMPintoPDFobject=\count335
\everyMPtoPDFconversion=\toks47
)
(C:\Users\didid\AppData\Local\Programs\MiKTeX\tex/latex/epstopdf-pkg\epstopdf-b
ase.sty
Package: epstopdf-base 2020-01-24 v2.11 Base part for package epstopdf

(C:\Users\didid\AppData\Local\Programs\MiKTeX\tex/latex/grfext\grfext.sty
Package: grfext 2019/12/03 v1.3 Manage graphics extensions (HO)
)
Package epstopdf-base Info: Redefining graphics rule for `.eps' on input line 4
85.
Package grfext Info: Graphics extension search list:
(grfext)             [.pdf,.png,.jpg,.mps,.jpeg,.jbig2,.jb2,.PDF,.PNG,.JPG,.JPE
G,.JBIG2,.JB2,.eps]
(grfext)             \AppendGraphicsExtensions on input line 504.
)
Package hyperref Info: Link coloring ON on input line 3.

(C:\Users\didid\AppData\Local\Programs\MiKTeX\tex/latex/hyperref\nameref.sty
Package: nameref 2019/09/16 v2.46 Cross-referencing by name of section

(C:\Users\didid\AppData\Local\Programs\MiKTeX\tex/latex/refcount\refcount.sty
Package: refcount 2019/12/15 v3.6 Data extraction from label references (HO)
)
(C:\Users\didid\AppData\Local\Programs\MiKTeX\tex/generic/gettitlestring\gettit
lestring.sty
Package: gettitlestring 2019/12/15 v1.6 Cleanup title references (HO)
)
\c@section@level=\count336
)
LaTeX Info: Redefining \ref on input line 3.
LaTeX Info: Redefining \pageref on input line 3.
LaTeX Info: Redefining \nameref on input line 3.
 (Thesis.out) (Thesis.out)
\@outlinefile=\write4
\openout4 = `Thesis.out'.

Class scrreprt Info: loading recommended package `bookmark'.
(scrreprt)           Using `bookmark' together with `hyperref' is recommended,
(scrreprt)           because of handling of possible bookmark level gaps.
(scrreprt)           You can avoid loading `bookmark' with KOMA-Script option
(scrreprt)           `bookmarkpackage=false' before \begin{document} and
(scrreprt)           you can avoid this message adding:
(scrreprt)             \usepackage{bookmark}
(scrreprt)           before \begin{document} on input line 3.

(C:\Users\didid\AppData\Local\Programs\MiKTeX\tex/latex/bookmark\bookmark.sty
Package: bookmark 2019/12/03 v1.28 PDF bookmarks (HO)

(C:\Users\didid\AppData\Local\Programs\MiKTeX\tex/latex/bookmark\bkm-pdftex.def
File: bkm-pdftex.def 2019/12/03 v1.28 bookmark driver for pdfTeX (HO)
Package auxhook Info: \AddLineBeginMainAux comes a little late,
(auxhook)             because the main .aux file is already opened on input lin
e 168.
\BKM@id=\count337
))
\c@lstlisting=\count338
Package scrhack Info: undefining \float@addtolists on input line 3.

(C:\Users\didid\AppData\Local\Programs\MiKTeX\tex/latex/pdflscape\pdflscape.sty
Package: pdflscape 2019/12/05 v0.12 Display of landscape pages in PDF (HO)
Package pdflscape Info: Auto-detected driver: pdftex on input line 81.
) (source/formal/Cover.tex
LaTeX Font Info:    Trying to load font information for U+msa on input line 15.


(C:\Users\didid\AppData\Local\Programs\MiKTeX\tex/latex/amsfonts\umsa.fd
File: umsa.fd 2013/01/14 v3.01 AMS symbols A
)
LaTeX Font Info:    Trying to load font information for U+msb on input line 15.


(C:\Users\didid\AppData\Local\Programs\MiKTeX\tex/latex/amsfonts\umsb.fd
File: umsb.fd 2013/01/14 v3.01 AMS symbols B
)
[1



{C:/Users/didid/AppData/Local/MiKTeX/pdftex/config/pdftex.map}]) [2


]
(source/formal/Preamble.tex) (source/formal/Abstract.tex [0


]) [0


] (Thesis.toc
Overfull \hbox (2.41267pt too wide) detected at line 5
 []\OT1/cmr/bx/n/12 VII
 []

[1


])
\tf@toc=\write5
\openout5 = `Thesis.toc'.

 [2] (Thesis.lof)
\tf@lof=\write6
\openout6 = `Thesis.lof'.

 [3




] [4


] (Thesis.lot)
\tf@lot=\write7
\openout7 = `Thesis.lot'.

 (source/formal/Abbreviations.tex
[5] [6


]) [7] [8


] (Thesis.lol)
\tf@lol=\write8
\openout8 = `Thesis.lol'.

 (source/formal/Empty.tex [9]) [10]
(source/content/Einleitung.tex
chapter 1.
Package acronym Info: Label `acro:ATS' newly defined as it shall be overridden
although it is yet undefined on input line 6.
Package acronym Info: Label `acro:NLP' newly defined as it shall be overridden
although it is yet undefined on input line 6.

Underfull \hbox (badness 10000) in paragraph at lines 6--7

 []


Underfull \hbox (badness 10000) in paragraph at lines 8--9

 []


Underfull \hbox (badness 10000) in paragraph at lines 10--11

 []

<./source/images/systemtypen.jpg, id=206, 285.31593pt x 316.93407pt>
File: ./source/images/systemtypen.jpg Graphic file (type jpg)
<use ./source/images/systemtypen.jpg>
Package pdftex.def Info: ./source/images/systemtypen.jpg  used on input line 14
.
(pdftex.def)             Requested size: 228.25305pt x 253.54759pt.
LaTeX Font Info:    Trying to load font information for OML+cmr on input line 1
9.
(C:\Users\didid\AppData\Local\Programs\MiKTeX\tex/latex/base\omlcmr.fd
File: omlcmr.fd 2019/12/16 v2.5j Standard LaTeX font definitions
)
LaTeX Font Info:    Font shape `OML/cmr/m/n' in size <12> not available
(Font)              Font shape `OML/cmm/m/it' tried instead on input line 19.

Overfull \hbox (4.67143pt too wide) in paragraph at lines 19--20
[]\OT1/cmr/m/n/12 Aus tech-ni-scher Sicht kom-men grunds[]atzlich so-ge-nann-te
 Sequence-to-Sequence-Modelle
 []


Underfull \hbox (badness 10000) in paragraph at lines 19--20

 []

[1




]
Package acronym Info: Label `acro:TL' newly defined as it shall be overridden
although it is yet undefined on input line 25.
Package acronym Info: Label `acro:DL' newly defined as it shall be overridden
although it is yet undefined on input line 35.
 [2 <./source/images/systemtypen.jpg>]
Overfull \hbox (19.6279pt too wide) in paragraph at lines 41--42
\OT1/cmr/m/n/12 zur Ver-bes-se-rung des Sco-res ge-nutzt wer-den k[]onnten, sin
d: [][]$\OT1/cmtt/m/n/12 https : / / paperswithcode .
 []


Overfull \hbox (26.54521pt too wide) in paragraph at lines 41--42
\OT1/cmtt/m/n/12 com / task / abstractive-[]text-[]summarization$[][]\OT1/cmr/m
/n/12 , [][]$\OT1/cmtt/m/n/12 https : / / paperswithcode . com / task /
 []


Overfull \hbox (45.18773pt too wide) in paragraph at lines 46--47
[]\OT1/cmr/m/n/12 Medizinische Zu-sam-men-fas-sung: [][]$\OT1/cmtt/m/n/12 https
 : / / github . com / armancohan / long-[]summarization$[][] 
 []


Overfull \hbox (232.96098pt too wide) in paragraph at lines 47--48
[]\OT1/cmr/m/n/12 Architekturen: [][]$\OT1/cmtt/m/n/12 https : / / towardsdatas
cience . com / deep-[]learning-[]models-[]for-[]automatic-[]summarization-[]4c2
b89f2a9ea$[][]\OT1/cmr/m/n/12 ,
 []


Overfull \hbox (449.33302pt too wide) in paragraph at lines 47--48
[][]$\OT1/cmtt/m/n/12 https : / / medium . com / analytics-[]vidhya / deep-[]re
inforcement-[]learning-[]deeprl-[]for-[]abstractive-[]text-[]summarization-[]ma
de-[]easy-[]tutorial-[]9-[]c6914999c76c$[][]\OT1/cmr/m/n/12 ,
 []


Overfull \hbox (81.62024pt too wide) in paragraph at lines 47--48
[][]$\OT1/cmtt/m/n/12 https : / / github . com / yaserkl / RLSeq2Seq # dataset$
[][]\OT1/cmr/m/n/12 , [][]$\OT1/cmtt/m/n/12 https : / / medium . com / analytic
s-[]vidhya /
 []


Overfull \hbox (226.53291pt too wide) in paragraph at lines 47--48
\OT1/cmtt/m/n/12 deep-[]reinforcement-[]learning-[]deeprl-[]for-[]abstractive-[
]text-[]summarization-[]made-[]easy-[]tutorial-[]9-[]c6914999c76c$[][]\OT1/cmr/
m/n/12 ,
 []


Overfull \hbox (32.72021pt too wide) in paragraph at lines 47--48
[][]$\OT1/cmtt/m/n/12 https : / / github . com / rohithreddy024 / Text-[]Summar
izer-[]Pytorch$[][]\OT1/cmr/m/n/12 , [][]$\OT1/cmtt/m/n/12 https : / / github .

 []


Overfull \hbox (34.72021pt too wide) in paragraph at lines 47--48
\OT1/cmtt/m/n/12 com / oceanypt / A-[]DEEP-[]REINFORCED-[]MODEL-[]FOR-[]ABSTRAC
TIVE-[]SUMMARIZATION$[][]\OT1/cmr/m/n/12 , [][]$\OT1/cmtt/m/n/12 https :
 []

[3]
Overfull \hbox (0.25752pt too wide) in paragraph at lines 48--49
[]\OT1/cmr/m/n/12 M[]oglicherweise als Pa-per auf-neh-men, oder so-gar f[]ur sp
[]atere Ka-pi-tel nut-zen: [][]$\OT1/cmtt/m/n/12 https :
 []


Overfull \hbox (10.53664pt too wide) in paragraph at lines 48--49
\OT1/cmtt/m/n/12 / / arxiv . org / abs / 1805 . 11080 ,[] https : / / arxiv . o
rg / pdf / 1705 . 04304v3 . pdf$[][]\OT1/cmr/m/n/12 , glei-
 []


Overfull \hbox (6.61398pt too wide) in paragraph at lines 49--50
[]\OT1/cmr/m/n/12 Vergleich ver-schie-de-ner Mo-del-le an-hand des ROUGE-Scores
: [][]$\OT1/cmtt/m/n/12 http : / / nlpprogress .
 []


Overfull \hbox (59.4212pt too wide) in paragraph at lines 49--50
\OT1/cmtt/m/n/12 com / english / summarization . html$[][]\OT1/cmr/m/n/12 , in 
den Er-geb-nis-sen erw[]ahnen, Korpus-Zusammensetzung
 []


Overfull \hbox (116.70168pt too wide) in paragraph at lines 50--51
[]\OT1/cmr/m/n/12 SOTA: CNN [][]$\OT1/cmtt/m/n/12 https : / / paperswithcode . 
com / sota / abstractive-[]text-[]summarization-[]on-[]cnn-[]daily$[][]\OT1/cmr
/m/n/12 ,
 []


Overfull \hbox (81.99347pt too wide) in paragraph at lines 50--51
\OT1/cmr/m/n/12 Wi-kihow [][]$\OT1/cmtt/m/n/12 https : / / paperswithcode . com
 / sota / abstractive-[]text-[]summarization-[]on-[]wikihow$[][] 
 []

) [4]
\openout2 = `"source/content/Deep Learning.aux"'.

 ("source/content/Deep Learning.tex"
chapter 2.

Overfull \hbox (19.48038pt too wide) in paragraph at lines 10--11
[]\OT1/cmr/m/n/12 ATS on GitHub: [][]$\OT1/cmtt/m/n/12 https : / / github . com
 / mathsyouth / awesome-[]text-[]summarization #
 []


Overfull \hbox (5.90262pt too wide) in paragraph at lines 26--27
[]\OT1/cmr/m/n/12 Existenz und Not-wen-dig-keit ver-schie-de-ner Ar-chi-tek-tu-
ren ank[]undigen, ggf. in sp[]atere
 []


Overfull \hbox (7.23378pt too wide) in paragraph at lines 28--29
[]\OT1/cmr/m/n/12 Diversit[]at der exis-tie-ren-den Ar-chi-tek-tu-ren (wie im F
or-schungs-stand be-reits erw[]ahnt)
 []


Overfull \hbox (7.16039pt too wide) in paragraph at lines 29--30
\OT1/cmtt/m/n/12 com / deep-[]learning-[]models-[]for-[]automatic-[]summarizati
on-[]4c2b89f2a9ea$[][] \OT1/cmr/m/n/12 ein-
 []


Overfull \hbox (122.71529pt too wide) in paragraph at lines 31--32
\OT1/cmr/m/n/12 gut er-kl[]art: [][]$\OT1/cmtt/m/n/12 https : / / medium . com 
/ inside-[]machine-[]learning / what-[]is-[]a-[]transformer-[]d07dd1fbec04$[][]
\OT1/cmr/m/n/12 ,
 []


Overfull \hbox (20.5086pt too wide) in paragraph at lines 31--32
\OT1/cmtt/m/n/12 wiki . pathmind . com/$[][]\OT1/cmr/m/n/12 , [][]$\OT1/cmtt/m/
n/12 https : / / nlp . stanford . edu / pubs / emnlp15 _ attn . pdf$[][]\OT1/cm
r/m/n/12 , Struk-
 []

[5





]
Overfull \hbox (19.0294pt too wide) in paragraph at lines 32--33
[]\OT1/cmr/m/n/12 PyCharm-Rebuild: Seq-to-Seq with Lo-cal Attention-: [][]$\OT1
/cmtt/m/n/12 https : / / github . com / JRC1995 /
 []


Overfull \hbox (31.92146pt too wide) in paragraph at lines 32--33
\OT1/cmtt/m/n/12 Abstractive-[]Summarization$[][]\OT1/cmr/m/n/12 , [][]$\OT1/cm
tt/m/n/12 https : / / nlp . stanford . edu / projects / glove/$[][]\OT1/cmr/m/n
/12 , [][]$\OT1/cmtt/m/n/12 https :
 []


Overfull \hbox (0.8452pt too wide) in paragraph at lines 32--33
\OT1/cmtt/m/n/12 / / nlp . stanford . edu / pubs / emnlp15 _ attn . pdf$[][]\OT
1/cmr/m/n/12 , [][]$\OT1/cmtt/m/n/12 https : / / arxiv . org / abs / 1409 .
 []


Overfull \hbox (9.18732pt too wide) in paragraph at lines 33--34
[]\OT1/cmr/m/n/12 PyCharm-Rebuild: Bert-Encoder with Transformer-Decoder: [][]$
\OT1/cmtt/m/n/12 https : / / github . com /
 []


Overfull \hbox (25.65527pt too wide) in paragraph at lines 34--35
[]\OT1/cmr/m/n/12 PyCharm-Rebuild: RL-Seq-to-Seq: [][]$\OT1/cmtt/m/n/12 https :
 / / github . com / yaserkl / RLSeq2Seq$[][]\OT1/cmr/m/n/12 , [][]$\OT1/cmtt/m/
n/12 https :
 []


Overfull \hbox (2.82736pt too wide) in paragraph at lines 59--60
[]\OT1/cmr/m/n/12 Batch-Size, e.g. Mini-Batch vs. Sto-cha-stic Batch: [][]$\OT1
/cmtt/m/n/12 https : / / stats . stackexchange .
 []

[6]
Underfull \hbox (badness 10000) in paragraph at lines 64--65

 []

) [7] [8




]
\openout2 = `"source/content/Natural Language Processing.aux"'.

 ("source/content/Natural Language Processing.tex"
chapter 3.

Overfull \hbox (349.03012pt too wide) in paragraph at lines 11--12
\OT1/cmr/m/n/12 wen-den, NLP-Links: [][]$\OT1/cmtt/m/n/12 https : / / www . ana
lyticsvidhya . com / blog / 2020 / 08 / build-[]a-[]natural-[]language-[]genera
tion-[]nlg-[]system-[]using-[]pytorch/$[][]\OT1/cmr/m/n/12 ,
 []


Overfull \hbox (89.594pt too wide) in paragraph at lines 11--12
[][]$\OT1/cmtt/m/n/12 https : / / www . analyticsvidhya . com / blog / 2019 / 0
9 / introduction-[]to-[]pytorch-[]from-[]scratch /
 []


Overfull \hbox (7.31895pt too wide) in paragraph at lines 11--12
\OT1/cmtt/m/n/12 ?utm _ source = blog & utm _ medium = Natural _ Language _ Gen
eration _ System _ using _
 []


Overfull \hbox (101.14525pt too wide) in paragraph at lines 11--12
\OT1/cmtt/m/n/12 PyTorch$[][]\OT1/cmr/m/n/12 , [][]$\OT1/cmtt/m/n/12 https : / 
/ courses . analyticsvidhya . com / courses / natural-[]language-[]processing-[
]nlp ?
 []


Overfull \hbox (1.14395pt too wide) in paragraph at lines 11--12
\OT1/cmtt/m/n/12 utm _ source = blog & utm _ medium = Natural _ Language _ Gene
ration _ System _ using _
 []


Overfull \hbox (7.31895pt too wide) in paragraph at lines 13--14
[][][]$\OT1/cmtt/m/n/12 https : / / github . com / JayeetaP / mlcourse _ open /
 tree / master / jupyter _ english$[][] 
 []

[9



] [10]
Overfull \hbox (3.41139pt too wide) in paragraph at lines 62--63
[]\OT1/cmr/m/n/12 Siehe: [][]$\OT1/cmtt/m/n/12 https : / / scikit-[]learn . org
 / stable / modules / feature _ extraction . html$[][] 
 []


Overfull \hbox (57.0496pt too wide) in paragraph at lines 63--64
[][]\OT1/cmr/m/n/12 Ubereinstimmung mit dem Ti-tel, Satz-po-si-ti-on, Satz[]ahn
lichkeit, Satzl[]ange, dom[]anenspezifische
 []

[11]
Overfull \hbox (33.80154pt too wide) in paragraph at lines 88--89
[]\OT1/cmr/m/n/12 Am bes-ten di-rekt ein vor-trai-nier-tes Transformer-Modell n
ut-zen (ex-tra f[]ur Summarization-
 []

) [12]
\openout2 = `source/content/Datengrundlage.aux'.

 (source/content/Datengrundlage.tex
chapter 4.

Overfull \hbox (21.88301pt too wide) in paragraph at lines 15--16
[]\OT1/cmr/m/n/12 Wikihow- und CNN-Dailymail-Korpora be-schrei-ben, bspw. sind 
et-wa 230.000 Wikihow-
 []


Overfull \hbox (0.10985pt too wide) in paragraph at lines 18--19
[]\OT1/cmr/m/n/12 Datenquellen: Wikipedia-API ([][]$\OT1/cmtt/m/n/12 https : / 
/ pypi . org / project / Wikipedia-[]API/$[][]\OT1/cmr/m/n/12 , re-
 []


Overfull \hbox (6.79362pt too wide) in paragraph at lines 18--19
\OT1/cmtt/m/n/12 io / pages / api/$[][]\OT1/cmr/m/n/12 , [][]$\OT1/cmtt/m/n/12 
https : / / static . openlegaldata . io / dumps / de / 2019-[]10-[]21/$[][] \OT
1/cmr/m/n/12 f[]ur
 []


Overfull \hbox (24.29758pt too wide) in paragraph at lines 18--19
\OT1/cmr/m/n/12 nen The-men be-ant-wor-tet wer-den, [][]$\OT1/cmtt/m/n/12 https
 : / / www . tensorflow . org / datasets / catalog /
 []


Overfull \hbox (30.23569pt too wide) in paragraph at lines 18--19
\OT1/cmtt/m/n/12 gigaword$[][] \OT1/cmr/m/n/12 mit  3.803.957 S[]atzen, [][]$\O
T1/cmtt/m/n/12 https : / / zenodo . org / record / 1168855 # .X75WfmhKiUk$[][]
 []

[13







]
Overfull \hbox (27.92636pt too wide) in paragraph at lines 22--23
[]\OT1/cmr/m/n/12 V1: Eng-lisch-spra-chi-ge Kor-po-ra aus ver-schie-de-nen Bran
-chen aus Text-Zusammenfassung-
 []


Overfull \hbox (4.0585pt too wide) in paragraph at lines 34--35
[]\OT1/cmr/m/n/12 Interne Pi-pe-li-ne: Skrip-te zum Her-un-ter-la-den er-le-di-
gen Da-ta Clea-ning, NLP-Pipeline
 []

[14]) [15] [16




]
\openout2 = `"source/content/Abstraktiver Ansatz.aux"'.

 ("source/content/Abstraktiver Ansatz.tex"
chapter 5.

Overfull \hbox (14.56842pt too wide) in paragraph at lines 9--10
[]\OT1/cmr/m/n/12 Generierung neu-er S[]atze so-wohl mit vor-kom-men-den als au
ch mit nicht-vorkommenden
 []


Overfull \hbox (561.07909pt too wide) in paragraph at lines 10--11
[]\OT1/cmr/m/n/12 Verschiedene Ans[]atze [][]$\OT1/cmtt/m/n/12 https : / / medi
um . com / analytics-[]vidhya / deep-[]reinforcement-[]learning-[]deeprl-[]for-
[]abstractive-[]text-[]summarization-[]made-[]easy-[]tutorial-[]9-[]c6914999c76
c$[][]\OT1/cmr/m/n/12 ,
 []


Overfull \hbox (43.16496pt too wide) in paragraph at lines 22--23
[]\OT1/cmr/m/n/12 Seq2Seq-Library: [][]$\OT1/cmtt/m/n/12 https : / / github . c
om / dongjun-[]Lee / text-[]summarization-[]tensorflow$[][]
 []


Overfull \hbox (9.67734pt too wide) in paragraph at lines 23--24
[]\OT1/cmr/m/n/12 Deep Re-in-for-ce-ment Lear-ning (De-e-pRL) for Ab-strac-ti-v
e Text Sum-ma-ri-za-ti-on [][]$\OT1/cmtt/m/n/12 https :
 []


Overfull \hbox (409.01915pt too wide) in paragraph at lines 23--24
\OT1/cmtt/m/n/12 / / medium . com / analytics-[]vidhya / deep-[]reinforcement-[
]learning-[]deeprl-[]for-[]abstractive-[]text-[]summarization-[]made-[]easy-[]t
utorial-[]9-[]c6914999c76c$[][]
 []


Overfull \hbox (0.21571pt too wide) in paragraph at lines 23--24
\OT1/cmr/m/n/12 den Da-ten, an der Code-Architektur und an den Mo-del-len m[]og
lich -> Zur[]uckgestellt
 []

[17



]
Overfull \hbox (13.54543pt too wide) in paragraph at lines 24--25
[]\OT1/cmr/m/n/12 BERT-Encoder Transformer-Decoder: Pa-per [][]$\OT1/cmtt/m/n/1
2 https : / / arxiv . org / pdf / 2008 . 09676 .
 []


Overfull \hbox (32.65544pt too wide) in paragraph at lines 24--25
\OT1/cmtt/m/n/12 pdf$[][]\OT1/cmr/m/n/12 , Co-de [][]$\OT1/cmtt/m/n/12 https : 
/ / github . com / nlpyang / PreSumm$[][]\OT1/cmr/m/n/12 , Re-sults [][]$\OT1/c
mtt/m/n/12 https : / / paperswithcode .
 []


Overfull \hbox (5.23314pt too wide) in paragraph at lines 43--44
[]\OT1/cmr/m/n/12 Qualit[]at der Zu-sam-men-fas-sung mes-sen (BLEU [][]$\OT1/cm
tt/m/n/12 https : / / en . wikipedia . org / wiki /
 []


Overfull \hbox (102.944pt too wide) in paragraph at lines 48--49
\OT1/cmtt/m/n/12 towardsdatascience . com / deep-[]learning-[]models-[]for-[]au
tomatic-[]summarization-[]4c2b89f2a9ea$[][] 
 []

[18]) [19] [20




]
\openout2 = `"source/content/Sprachtechnische Adaption.aux"'.


No file source/content/Sprachtechnische Adaption.tex.
\openout2 = `source/content/Zusammenfassung.aux'.

(source/content/Zusammenfassung.tex
chapter 6.
) [21








] [22




]
\openout2 = `"source/content/Diskussion und Ausblick.aux"'.

 ("source/content/Diskussion und Ausblick.tex"
chapter 7.
) [23



] [24




] (source/formal/Literature.tex [50


]
Underfull \hbox (badness 2057) in paragraph at lines 19--20
\OT1/cmr/m/n/10.95 ning, in: https://medium.com/luisfredgs/automatic-text-summa
rization-with-machine-
 []

) [51] [52


] (source/formal/Theses.tex) (source/formal/Statement.tex [53


]
[54


]
Underfull \hbox (badness 10000) in paragraph at lines 5--6

 []


Underfull \hbox (badness 10000) in paragraph at lines 7--8

 []

) [55] [56


] (source/formal/Appendix.tex
chapter A.
[57


] [58


]
chapter B.
) [59] (Thesis.aux ("source/content/Deep Learning.aux")
("source/content/Natural Language Processing.aux")
(source/content/Datengrundlage.aux) ("source/content/Abstraktiver Ansatz.aux")
("source/content/Sprachtechnische Adaption.aux")
(source/content/Zusammenfassung.aux)
("source/content/Diskussion und Ausblick.aux"))
Package rerunfilecheck Info: File `Thesis.out' has not changed.
(rerunfilecheck)             Checksum: D41D8CD98F00B204E9800998ECF8427E;0.
 ) 
Here is how much of TeX's memory you used:
 25697 strings out of 480257
 493437 string characters out of 2881437
 948308 words of memory out of 3000000
 41495 multiletter control sequences out of 15000+200000
 544694 words of font info for 65 fonts, out of 3000000 for 9000
 1141 hyphenation exceptions out of 8191
 98i,12n,101p,10692b,603s stack positions out of 5000i,500n,10000p,200000b,50000s
 <C:\Users\didid\AppData\Local\MiKTeX\fonts/pk/ljfour/jknappen/ec/dpi600\tcrm
1200.pk><C:/Users/didid/AppData/Local/Programs/MiKTeX/fonts/type1/public/amsfon
ts/cm/cmbx12.pfb><C:/Users/didid/AppData/Local/Programs/MiKTeX/fonts/type1/publ
ic/amsfonts/cm/cmmi12.pfb><C:/Users/didid/AppData/Local/Programs/MiKTeX/fonts/t
ype1/public/amsfonts/cm/cmmi8.pfb><C:/Users/didid/AppData/Local/Programs/MiKTeX
/fonts/type1/public/amsfonts/cm/cmr10.pfb><C:/Users/didid/AppData/Local/Program
s/MiKTeX/fonts/type1/public/amsfonts/cm/cmr12.pfb><C:/Users/didid/AppData/Local
/Programs/MiKTeX/fonts/type1/public/amsfonts/cm/cmr17.pfb><C:/Users/didid/AppDa
ta/Local/Programs/MiKTeX/fonts/type1/public/amsfonts/cm/cmr8.pfb><C:/Users/didi
d/AppData/Local/Programs/MiKTeX/fonts/type1/public/amsfonts/cm/cmsy10.pfb><C:/U
sers/didid/AppData/Local/Programs/MiKTeX/fonts/type1/public/amsfonts/cm/cmtt10.
pfb><C:/Users/didid/AppData/Local/Programs/MiKTeX/fonts/type1/public/amsfonts/c
m/cmtt12.pfb>
Output written on Thesis.pdf (48 pages, 350328 bytes).
PDF statistics:
 671 PDF objects out of 1000 (max. 8388607)
 116 named destinations out of 1000 (max. 500000)
 450 words of extra memory for PDF output out of 10000 (max. 10000000)

